<?xml version="1.0" encoding="UTF-8"?>
<!-- Generated by org.testng.reporters.JUnitReportReporter -->
<testsuite hostname="DESKTOP-8MG7M3T" failures="0" tests="1" name="progress.qa.auto.AutoQutoe" time="6.237" errors="0" timestamp="2022-01-22T21:31:26 EST" skipped="0">
  <testcase classname="progress.qa.auto.AutoQutoe" name="test" time="6.237"/>
  <system-out/>
</testsuite> <!-- progress.qa.auto.AutoQutoe -->
