<?xml version="1.0" encoding="UTF-8"?>
<!-- Generated by org.testng.reporters.JUnitReportReporter -->
<testsuite hostname="DESKTOP-8MG7M3T" failures="0" tests="1" name="progress.qa.base.BaseClass" time="7.354" errors="0" timestamp="2022-01-21T18:17:37 EST" skipped="0">
  <testcase classname="progress.qa.base.BaseClass" name="test" time="7.354"/>
  <system-out/>
</testsuite> <!-- progress.qa.base.BaseClass -->
